<?xml version="1.0" encoding="UTF-8"?>
<testsuite name="com.gymmer.gymmerstation.programManagement.ProgramServiceImplTest" tests="5" skipped="0" failures="0" errors="0" timestamp="2022-05-14T07:52:57" hostname="DESKTOP-D3DODB7" time="0.327">
  <properties/>
  <testcase name="removeEntireDivision()" classname="com.gymmer.gymmerstation.programManagement.ProgramServiceImplTest" time="0.094"/>
  <testcase name="deleteProgram()" classname="com.gymmer.gymmerstation.programManagement.ProgramServiceImplTest" time="0.032"/>
  <testcase name="getProgramList()" classname="com.gymmer.gymmerstation.programManagement.ProgramServiceImplTest" time="0.095"/>
  <testcase name="editProgram()" classname="com.gymmer.gymmerstation.programManagement.ProgramServiceImplTest" time="0.074"/>
  <testcase name="addProgram()" classname="com.gymmer.gymmerstation.programManagement.ProgramServiceImplTest" time="0.03"/>
  <system-out><![CDATA[Connection Success!
Connection Success!
Connection Success!
Connection Success!
Connection Success!
]]></system-out>
  <system-err><![CDATA[]]></system-err>
</testsuite>
